<?xml version="1.0" encoding="UTF-8"?>
<!-- Generated by org.testng.reporters.JUnitXMLReporter -->
<testsuite ignored="0" hostname="RahulVerma" failures="1" tests="2" name="FireFox Test" time="21.57" errors="0" timestamp="2020-02-23T23:17:19 EST">
  <testcase classname="com.expedia.flightsbooking.TestNG_TestSuite" name="test1_fillBasicInfo" time="10.808"/>
  <testcase classname="com.expedia.flightsbooking.TestNG_TestSuite" name="test2_fillAdvancedInfo" time="0.19">
    <failure type="org.openqa.selenium.ElementNotInteractableException" message="Element &amp;lt;label id=&amp;quot;advanced-flight-nonstop-label-hp-flight&amp;quot; class=&amp;quot;check&amp;quot;&amp;gt; could not be scrolled into view
Build info: version: &amp;apos;3.141.59&amp;apos;, revision: &amp;apos;e82be7d358&amp;apos;, time: &amp;apos;2018-11-14T08:17:03&amp;apos;
System info: host: &amp;apos;RAHULVERMA&amp;apos;, ip: &amp;apos;192.168.0.28&amp;apos;, os.name: &amp;apos;Windows 10&amp;apos;, os.arch: &amp;apos;amd64&amp;apos;, os.version: &amp;apos;10.0&amp;apos;, java.version: &amp;apos;12.0.2&amp;apos;
Driver info: org.openqa.selenium.firefox.FirefoxDriver
Capabilities {acceptInsecureCerts: true, browserName: firefox, browserVersion: 72.0.2, javascriptEnabled: true, moz:accessibilityChecks: false, moz:buildID: 20200117190643, moz:geckodriverVersion: 0.23.0, moz:headless: false, moz:processID: 18012, moz:profile: C:\Users\Rahul Verma\AppDat..., moz:shutdownTimeout: 60000, moz:useNonSpecCompliantPointerOrigin: false, moz:webdriverClick: true, pageLoadStrategy: normal, platform: WINDOWS, platformName: WINDOWS, platformVersion: 10.0, rotatable: false, setWindowRect: true, strictFileInteractability: false, timeouts: {implicit: 0, pageLoad: 300000, script: 30000}, unhandledPromptBehavior: dismiss and notify}
Session ID: e398ad0d-e15a-4db5-940e-82feb442ea70">
      <![CDATA[org.openqa.selenium.ElementNotInteractableException: Element <label id="advanced-flight-nonstop-label-hp-flight" class="check"> could not be scrolled into view
Build info: version: '3.141.59', revision: 'e82be7d358', time: '2018-11-14T08:17:03'
System info: host: 'RAHULVERMA', ip: '192.168.0.28', os.name: 'Windows 10', os.arch: 'amd64', os.version: '10.0', java.version: '12.0.2'
Driver info: org.openqa.selenium.firefox.FirefoxDriver
Capabilities {acceptInsecureCerts: true, browserName: firefox, browserVersion: 72.0.2, javascriptEnabled: true, moz:accessibilityChecks: false, moz:buildID: 20200117190643, moz:geckodriverVersion: 0.23.0, moz:headless: false, moz:processID: 18012, moz:profile: C:\Users\Rahul Verma\AppDat..., moz:shutdownTimeout: 60000, moz:useNonSpecCompliantPointerOrigin: false, moz:webdriverClick: true, pageLoadStrategy: normal, platform: WINDOWS, platformName: WINDOWS, platformVersion: 10.0, rotatable: false, setWindowRect: true, strictFileInteractability: false, timeouts: {implicit: 0, pageLoad: 300000, script: 30000}, unhandledPromptBehavior: dismiss and notify}
Session ID: e398ad0d-e15a-4db5-940e-82feb442ea70
at org.openqa.selenium.remote.http.W3CHttpResponseCodec.createException(W3CHttpResponseCodec.java:187)
at org.openqa.selenium.remote.http.W3CHttpResponseCodec.decode(W3CHttpResponseCodec.java:122)
at org.openqa.selenium.remote.http.W3CHttpResponseCodec.decode(W3CHttpResponseCodec.java:49)
at org.openqa.selenium.remote.HttpCommandExecutor.execute(HttpCommandExecutor.java:158)
at org.openqa.selenium.remote.service.DriverCommandExecutor.execute(DriverCommandExecutor.java:83)
at org.openqa.selenium.remote.RemoteWebDriver.execute(RemoteWebDriver.java:552)
at org.openqa.selenium.remote.RemoteWebElement.execute(RemoteWebElement.java:285)
at org.openqa.selenium.remote.RemoteWebElement.click(RemoteWebElement.java:84)
at pageclasses.SearchPage.clickNonStopCheckBox(SearchPage.java:159)
at com.expedia.flightsbooking.TestNG_TestSuite.test2_fillAdvancedInfo(TestNG_TestSuite.java:59)
at java.base/java.util.ArrayList.forEach(ArrayList.java:1540)
... Removed 36 stack frames]]>
    </failure>
  </testcase> <!-- test2_fillAdvancedInfo -->
</testsuite> <!-- FireFox Test -->
