<?xml version="1.0" encoding="UTF-8"?>
<testng-results ignored="0" total="1" passed="1" failed="0" skipped="0">
  <reporter-output>
  </reporter-output>
  <suite started-at="2020-02-02T09:41:37 EST" name="Regression TestSuite" finished-at="2020-02-02T09:41:55 EST" duration-ms="17923">
    <groups>
    </groups>
    <test started-at="2020-02-02T09:41:37 EST" name="FireFox Test" finished-at="2020-02-02T09:41:55 EST" duration-ms="17923">
      <class name="com.expedia.flightsbooking.TestNG_TestSuite">
        <test-method is-config="true" signature="beforeClass()[pri:0, instance:com.expedia.flightsbooking.TestNG_TestSuite@25d250c6]" started-at="2020-02-02T09:41:37 EST" name="beforeClass" finished-at="2020-02-02T09:41:44 EST" duration-ms="7057" status="PASS">
          <reporter-output>
          </reporter-output>
        </test-method> <!-- beforeClass -->
        <test-method signature="fillBasicInfo()[pri:0, instance:com.expedia.flightsbooking.TestNG_TestSuite@25d250c6]" started-at="2020-02-02T09:41:44 EST" name="fillBasicInfo" finished-at="2020-02-02T09:41:53 EST" duration-ms="8684" status="PASS">
          <reporter-output>
          </reporter-output>
        </test-method> <!-- fillBasicInfo -->
        <test-method is-config="true" signature="afterClass()[pri:0, instance:com.expedia.flightsbooking.TestNG_TestSuite@25d250c6]" started-at="2020-02-02T09:41:53 EST" name="afterClass" finished-at="2020-02-02T09:41:55 EST" duration-ms="2124" status="PASS">
          <reporter-output>
          </reporter-output>
        </test-method> <!-- afterClass -->
      </class> <!-- com.expedia.flightsbooking.TestNG_TestSuite -->
    </test> <!-- FireFox Test -->
  </suite> <!-- Regression TestSuite -->
</testng-results>
